<?xml version="1.0" encoding="UTF-8"?>
<!-- Generated by org.testng.reporters.JUnitReportReporter -->
<testsuite hostname="IBM-FSXQB54" failures="0" tests="1" name="com.makemytrip.pom.tests.FlightSearchTest" time="2.495" errors="0" timestamp="2025-03-20T14:36:43 IST" skipped="0">
  <testcase classname="com.makemytrip.pom.tests.FlightSearchTest" name="testFlightSearch" time="2.495"/>
</testsuite> <!-- com.makemytrip.pom.tests.FlightSearchTest -->
